<?xml version="1.0" encoding="utf-8"?><testsuites><testsuite name="pytest" errors="0" failures="0" skipped="0" tests="21" time="0.542" timestamp="2023-02-07T13:43:54.262469" hostname="hl-codon-41-04.ebi.ac.uk"><testcase classname="tests.test_arg_utils" name="test_path_exists_ok" time="0.008" /><testcase classname="tests.test_arg_utils" name="test_path_exists_nok" time="0.008" /><testcase classname="tests.test_arg_utils" name="test_check_positive_float_ok" time="0.005" /><testcase classname="tests.test_arg_utils" name="test_check_positive_float_nok[-1.1]" time="0.005" /><testcase classname="tests.test_arg_utils" name="test_check_positive_float_nok[bagr]" time="0.005" /><testcase classname="tests.test_arg_utils" name="test_check_positive_int_ok" time="0.005" /><testcase classname="tests.test_arg_utils" name="test_check_positive_int_nok[1.1]" time="0.005" /><testcase classname="tests.test_arg_utils" name="test_check_positive_int_nok[bagr]" time="0.006" /><testcase classname="tests.test_arg_utils" name="test_check_positive_int_nok[-8]" time="0.005" /><testcase classname="tests.test_arg_utils" name="test_uniclust_db_exist" time="0.036" /><testcase classname="tests.test_covariations" name="test_execute_command_with_log" time="0.026" /><testcase classname="tests.test_covariations" name="test_execute_command_no_log" time="0.016" /><testcase classname="tests.test_covariations" name="test_check_binaries_ok" time="0.007" /><testcase classname="tests.test_covariations" name="test_with_empty_args" time="0.011" /><testcase classname="tests.test_covariations" name="test_args_ok" time="0.040" /><testcase classname="tests.test_covariations" name="test_args_nok_missing_input" time="0.019" /><testcase classname="tests.test_covariations" name="test_args_nok_wrong_treads" time="0.021" /><testcase classname="tests.test_covariations" name="test_run_hhblits" time="0.030" /><testcase classname="tests.test_covariations" name="test_run_hhfilter" time="0.010" /><testcase classname="tests.test_covariations" name="test_run_gremlin" time="0.007" /><testcase classname="tests.test_covariations" name="test_get_covariation_pairs" time="0.072" /></testsuite></testsuites>