<?xml version="1.0" encoding="utf-8"?><testsuites><testsuite name="pytest" errors="0" failures="0" skipped="0" tests="21" time="1.547" timestamp="2023-02-15T14:54:58.769772" hostname="hl-codon-38-04.ebi.ac.uk"><testcase classname="tests.test_arg_utils" name="test_path_exists_ok" time="0.046" /><testcase classname="tests.test_arg_utils" name="test_path_exists_nok" time="0.022" /><testcase classname="tests.test_arg_utils" name="test_check_positive_float_ok" time="0.017" /><testcase classname="tests.test_arg_utils" name="test_check_positive_float_nok[-1.1]" time="0.029" /><testcase classname="tests.test_arg_utils" name="test_check_positive_float_nok[bagr]" time="0.018" /><testcase classname="tests.test_arg_utils" name="test_check_positive_int_ok" time="0.011" /><testcase classname="tests.test_arg_utils" name="test_check_positive_int_nok[1.1]" time="0.015" /><testcase classname="tests.test_arg_utils" name="test_check_positive_int_nok[bagr]" time="0.015" /><testcase classname="tests.test_arg_utils" name="test_check_positive_int_nok[-8]" time="0.016" /><testcase classname="tests.test_arg_utils" name="test_uniclust_db_exist" time="0.082" /><testcase classname="tests.test_covariations" name="test_execute_command_with_log" time="0.066" /><testcase classname="tests.test_covariations" name="test_execute_command_no_log" time="0.028" /><testcase classname="tests.test_covariations" name="test_check_binaries_ok" time="0.016" /><testcase classname="tests.test_covariations" name="test_with_empty_args" time="0.037" /><testcase classname="tests.test_covariations" name="test_args_ok" time="0.091" /><testcase classname="tests.test_covariations" name="test_args_nok_missing_input" time="0.043" /><testcase classname="tests.test_covariations" name="test_args_nok_wrong_treads" time="0.039" /><testcase classname="tests.test_covariations" name="test_run_hhblits" time="0.086" /><testcase classname="tests.test_covariations" name="test_run_hhfilter" time="0.026" /><testcase classname="tests.test_covariations" name="test_run_gremlin" time="0.172" /><testcase classname="tests.test_covariations" name="test_get_covariation_pairs" time="0.165" /></testsuite></testsuites>